<?xml version="1.0" encoding="UTF-8"?>
<!-- Generated by org.testng.reporters.JUnitReportReporter -->
<testsuite skipped="0" hostname="DSHYD-100" name="com.livingtree.tests.LA12178" tests="1" failures="0" timestamp="20 May 2019 11:00:41 GMT" time="33.154" errors="0">
  <testcase name="test_LA12178" time="33.154" classname="com.livingtree.tests.LA12178"/>
</testsuite> <!-- com.livingtree.tests.LA12178 -->
