<?xml version="1.0" encoding="UTF-8"?>
<!-- Generated by org.testng.reporters.JUnitReportReporter -->
<testsuite skipped="0" hostname="DSHYD-100" name="com.livingtree.tests.LQ4328" tests="1" failures="0" timestamp="04 Apr 2019 13:51:35 GMT" time="463.172" errors="0">
  <testcase name="test_LQ4328" time="463.172" classname="com.livingtree.tests.LQ4328"/>
</testsuite> <!-- com.livingtree.tests.LQ4328 -->
