<?xml version="1.0" encoding="UTF-8"?>
<!-- Generated by org.testng.reporters.JUnitReportReporter -->
<testsuite skipped="0" hostname="DSHYD-100" name="com.livingtree.tests.LQ4342" tests="1" failures="0" timestamp="13 May 2019 16:30:49 GMT" time="167.936" errors="0">
  <testcase name="test_LQ4342" time="167.936" classname="com.livingtree.tests.LQ4342"/>
</testsuite> <!-- com.livingtree.tests.LQ4342 -->
