<?xml version="1.0" encoding="UTF-8"?>
<!-- Generated by org.testng.reporters.JUnitReportReporter -->
<testsuite skipped="0" hostname="DESKTOP-6DLV9PP" name="com.livingtree.tests.LQ1979" tests="1" failures="0" timestamp="2021-02-24T00:17:36 IST" time="142.800" errors="0">
  <testcase name="test_LQ1979" time="142.800" classname="com.livingtree.tests.LQ1979"/>
  <system-out/>
</testsuite> <!-- com.livingtree.tests.LQ1979 -->
