<?xml version="1.0" encoding="UTF-8"?>
<!-- Generated by org.testng.reporters.JUnitReportReporter -->
<testsuite skipped="0" hostname="DSHYD-100" name="com.livingtree.tests.LA12213" tests="1" failures="0" timestamp="28 May 2019 16:00:09 GMT" time="931.020" errors="0">
  <testcase name="test_LA12213" time="931.020" classname="com.livingtree.tests.LA12213"/>
</testsuite> <!-- com.livingtree.tests.LA12213 -->
