<?xml version="1.0" encoding="UTF-8"?>
<!-- Generated by org.testng.reporters.JUnitReportReporter -->
<testsuite skipped="0" hostname="DESKTOP-6DLV9PP" name="com.livingtree.tests.LQ4297" tests="1" failures="0" timestamp="2021-02-23T23:50:46 IST" time="355.756" errors="0">
  <testcase name="test_LQ4297" time="355.756" classname="com.livingtree.tests.LQ4297"/>
  <system-out/>
</testsuite> <!-- com.livingtree.tests.LQ4297 -->
