<?xml version="1.0" encoding="UTF-8"?>
<!-- Generated by org.testng.reporters.JUnitReportReporter -->
<testsuite skipped="0" hostname="DESKTOP-6DLV9PP" name="com.livingtree.tests.LQ5307" tests="1" failures="0" timestamp="13 Aug 2021 23:21:13 GMT" time="51.278" errors="0">
  <testcase name="test_LQ5307" time="51.278" classname="com.livingtree.tests.LQ5307"/>
</testsuite> <!-- com.livingtree.tests.LQ5307 -->
