<?xml version="1.0" encoding="UTF-8"?>
<!-- Generated by org.testng.reporters.JUnitReportReporter -->
<testsuite skipped="0" hostname="DESKTOP-6DLV9PP" name="com.livingtree.tests.LQ4329_PhotoPost" tests="1" failures="0" timestamp="13 Aug 2021 23:21:13 GMT" time="293.346" errors="0">
  <testcase name="test_LQ4329PhotoPost" time="293.346" classname="com.livingtree.tests.LQ4329_PhotoPost"/>
</testsuite> <!-- com.livingtree.tests.LQ4329_PhotoPost -->
