<?xml version="1.0" encoding="UTF-8"?>
<!-- Generated by org.testng.reporters.JUnitReportReporter -->
<testsuite skipped="0" hostname="DSHYD-100" name="com.livingtree.tests.LA12034" tests="1" failures="0" timestamp="09 May 2019 12:36:43 GMT" time="282.102" errors="0">
  <testcase name="test_LA12034" time="282.102" classname="com.livingtree.tests.LA12034"/>
</testsuite> <!-- com.livingtree.tests.LA12034 -->
