<?xml version="1.0" encoding="UTF-8"?>
<!-- Generated by org.testng.reporters.JUnitReportReporter -->
<testsuite skipped="0" hostname="DSHYD-100" name="com.livingtree.tests.LQ4344" tests="1" failures="0" timestamp="14 May 2019 16:42:36 GMT" time="180.758" errors="0">
  <testcase name="test_LQ4344" time="180.758" classname="com.livingtree.tests.LQ4344"/>
</testsuite> <!-- com.livingtree.tests.LQ4344 -->
