<?xml version="1.0" encoding="UTF-8"?>
<!-- Generated by org.testng.reporters.JUnitReportReporter -->
<testsuite skipped="0" hostname="DSHYD-100" name="com.livingtree.tests.LQ4341" tests="1" failures="0" timestamp="17 May 2019 14:41:31 GMT" time="113.897" errors="0">
  <testcase name="test_LQ4341" time="113.897" classname="com.livingtree.tests.LQ4341"/>
</testsuite> <!-- com.livingtree.tests.LQ4341 -->
