<?xml version="1.0" encoding="UTF-8"?>
<!-- Generated by org.testng.reporters.JUnitReportReporter -->
<testsuite skipped="0" hostname="DSHYD-100" name="com.livingtree.tests.LQ4365" tests="1" failures="0" timestamp="30 May 2019 18:59:29 GMT" time="12.378" errors="0">
  <testcase name="test_LQ4365" time="12.378" classname="com.livingtree.tests.LQ4365"/>
</testsuite> <!-- com.livingtree.tests.LQ4365 -->
