<?xml version="1.0" encoding="UTF-8"?>
<!-- Generated by org.testng.reporters.JUnitReportReporter -->
<testsuite skipped="0" hostname="DESKTOP-6DLV9PP" name="com.livingtree.tests.LQ2742" tests="1" failures="0" timestamp="13 Aug 2021 23:21:14 GMT" time="193.866" errors="0">
  <testcase name="test_LQ2742" time="193.866" classname="com.livingtree.tests.LQ2742"/>
</testsuite> <!-- com.livingtree.tests.LQ2742 -->
