<?xml version="1.0" encoding="UTF-8"?>
<!-- Generated by org.testng.reporters.JUnitReportReporter -->
<testsuite skipped="0" hostname="DSHYD-100" name="com.livingtree.tests.LQ4336" tests="1" failures="0" timestamp="02 May 2019 21:06:51 GMT" time="29.616" errors="0">
  <testcase name="test_LQ4336" time="29.616" classname="com.livingtree.tests.LQ4336"/>
</testsuite> <!-- com.livingtree.tests.LQ4336 -->
