<?xml version="1.0" encoding="UTF-8"?>
<!-- Generated by org.testng.reporters.JUnitReportReporter -->
<testsuite skipped="0" hostname="DSHYD-100" name="com.livingtree.tests.LQ4364" tests="1" failures="0" timestamp="23 May 2019 17:13:05 GMT" time="148.927" errors="0">
  <testcase name="test_LQ4364" time="148.927" classname="com.livingtree.tests.LQ4364"/>
</testsuite> <!-- com.livingtree.tests.LQ4364 -->
