<?xml version="1.0" encoding="UTF-8"?>
<!-- Generated by org.testng.reporters.JUnitReportReporter -->
<testsuite skipped="0" hostname="DESKTOP-6DLV9PP" name="com.livingtree.tests.LQ4329_VideoPost" tests="1" failures="0" timestamp="13 Aug 2021 23:21:14 GMT" time="395.896" errors="0">
  <testcase name="test_LQ4329VideoPost" time="395.896" classname="com.livingtree.tests.LQ4329_VideoPost"/>
</testsuite> <!-- com.livingtree.tests.LQ4329_VideoPost -->
