<?xml version="1.0" encoding="UTF-8"?>
<!-- Generated by org.testng.reporters.JUnitReportReporter -->
<testsuite skipped="0" hostname="DESKTOP-UC945J7" name="com.livingtree.tests.LM913" tests="1" failures="0" timestamp="20 Jul 2021 12:09:27 GMT" time="126.219" errors="0">
  <testcase name="test_LM913" time="126.219" classname="com.livingtree.tests.LM913"/>
</testsuite> <!-- com.livingtree.tests.LM913 -->
