<?xml version="1.0" encoding="UTF-8"?>
<!-- Generated by org.testng.reporters.JUnitReportReporter -->
<testsuite skipped="0" hostname="DESKTOP-6DLV9PP" name="com.livingtree.tests.LQ4525" tests="1" failures="0" timestamp="13 Aug 2021 23:21:14 GMT" time="144.973" errors="0">
  <testcase name="test_LQ4525" time="144.973" classname="com.livingtree.tests.LQ4525"/>
</testsuite> <!-- com.livingtree.tests.LQ4525 -->
