<?xml version="1.0" encoding="UTF-8"?>
<!-- Generated by org.testng.reporters.JUnitReportReporter -->
<testsuite skipped="0" hostname="DSHYD-100" name="com.livingtree.tests.LQ4127" tests="1" failures="0" timestamp="21 Feb 2019 11:50:58 GMT" time="72.518" errors="0">
  <testcase name="test_LQ4127" time="72.518" classname="com.livingtree.tests.LQ4127"/>
</testsuite> <!-- com.livingtree.tests.LQ4127 -->
