<?xml version="1.0" encoding="UTF-8"?>
<!-- Generated by org.testng.reporters.JUnitReportReporter -->
<testsuite skipped="0" hostname="DSHYD-100" name="com.livingtree.tests.LA12191" tests="1" failures="0" timestamp="10 May 2019 14:35:59 GMT" time="77.372" errors="0">
  <testcase name="test_LA12191" time="77.372" classname="com.livingtree.tests.LA12191"/>
</testsuite> <!-- com.livingtree.tests.LA12191 -->
