<?xml version="1.0" encoding="UTF-8"?>
<!-- Generated by org.testng.reporters.JUnitReportReporter -->
<testsuite skipped="0" hostname="DSHYD-100" name="com.livingtree.tests.LQ4333_MessagePost" tests="1" failures="0" timestamp="02 May 2019 21:06:51 GMT" time="127.293" errors="0">
  <testcase name="test_LQ4333MessagePost" time="127.293" classname="com.livingtree.tests.LQ4333_MessagePost"/>
</testsuite> <!-- com.livingtree.tests.LQ4333_MessagePost -->
