<?xml version="1.0" encoding="UTF-8"?>
<!-- Generated by org.testng.reporters.JUnitReportReporter -->
<testsuite skipped="0" hostname="DESKTOP-6DLV9PP" name="com.livingtree.tests.LQ4328_ScheduleMessagePost" tests="1" failures="0" timestamp="13 Aug 2021 23:21:13 GMT" time="741.435" errors="0">
  <testcase name="test_LQ4328ScheduleMessagePost" time="741.435" classname="com.livingtree.tests.LQ4328_ScheduleMessagePost"/>
</testsuite> <!-- com.livingtree.tests.LQ4328_ScheduleMessagePost -->
