<?xml version="1.0" encoding="UTF-8"?>
<!-- Generated by org.testng.reporters.JUnitReportReporter -->
<testsuite skipped="0" hostname="DESKTOP-UC945J7" name="com.livingtree.tests.LQ5259" tests="1" failures="0" timestamp="27 Jul 2021 12:16:39 GMT" time="40.415" errors="0">
  <testcase name="test_LQ5259" time="40.415" classname="com.livingtree.tests.LQ5259"/>
</testsuite> <!-- com.livingtree.tests.LQ5259 -->
