<?xml version="1.0" encoding="UTF-8"?>
<!-- Generated by org.testng.reporters.JUnitReportReporter -->
<testsuite skipped="0" hostname="DESKTOP-6DLV9PP" name="com.livingtree.tests.LQ2001" tests="1" failures="0" timestamp="26 Mar 2021 02:28:36 GMT" time="71.917" errors="0">
  <testcase name="test_LQ2001" time="71.917" classname="com.livingtree.tests.LQ2001"/>
</testsuite> <!-- com.livingtree.tests.LQ2001 -->
