<?xml version="1.0" encoding="UTF-8"?>
<!-- Generated by org.testng.reporters.JUnitReportReporter -->
<testsuite skipped="0" hostname="DESKTOP-6DLV9PP" name="com.livingtree.tests.LQ4328_FilePost" tests="1" failures="0" timestamp="13 Aug 2021 23:21:14 GMT" time="504.970" errors="0">
  <testcase name="test_LQ4328FilePost" time="504.970" classname="com.livingtree.tests.LQ4328_FilePost"/>
</testsuite> <!-- com.livingtree.tests.LQ4328_FilePost -->
