<?xml version="1.0" encoding="UTF-8"?>
<!-- Generated by org.testng.reporters.JUnitReportReporter -->
<testsuite skipped="0" hostname="DSHYD-100" name="com.livingtree.tests.LQ4332_MessagePost" tests="1" failures="0" timestamp="02 May 2019 21:06:51 GMT" time="106.338" errors="0">
  <testcase name="test_LQ4332MessagePost" time="106.338" classname="com.livingtree.tests.LQ4332_MessagePost"/>
</testsuite> <!-- com.livingtree.tests.LQ4332_MessagePost -->
