<?xml version="1.0" encoding="UTF-8"?>
<!-- Generated by org.testng.reporters.JUnitReportReporter -->
<testsuite skipped="0" hostname="DSHYD-100" name="com.livingtree.tests.LQ4331" tests="1" failures="0" timestamp="05 Apr 2019 14:04:53 GMT" time="185.902" errors="0">
  <testcase name="test_LQ4331" time="185.902" classname="com.livingtree.tests.LQ4331"/>
</testsuite> <!-- com.livingtree.tests.LQ4331 -->
