<?xml version="1.0" encoding="UTF-8"?>
<!-- Generated by org.testng.reporters.JUnitReportReporter -->
<testsuite skipped="0" hostname="DESKTOP-6DLV9PP" name="com.livingtree.tests.LQ4700" tests="1" failures="0" timestamp="26 Mar 2021 02:28:36 GMT" time="49.305" errors="0">
  <testcase name="test_LQ4700" time="49.305" classname="com.livingtree.tests.LQ4700"/>
</testsuite> <!-- com.livingtree.tests.LQ4700 -->
