<?xml version="1.0" encoding="UTF-8"?>
<!-- Generated by org.testng.reporters.JUnitReportReporter -->
<testsuite skipped="0" hostname="DESKTOP-6DLV9PP" name="com.livingtree.tests.LQ4329_ScheduleVideoPost" tests="1" failures="0" timestamp="13 Aug 2021 23:21:14 GMT" time="549.087" errors="0">
  <testcase name="test_LQ4329ScheduleVideoPost" time="549.087" classname="com.livingtree.tests.LQ4329_ScheduleVideoPost"/>
</testsuite> <!-- com.livingtree.tests.LQ4329_ScheduleVideoPost -->
