<?xml version="1.0" encoding="UTF-8"?>
<!-- Generated by org.testng.reporters.JUnitReportReporter -->
<testsuite skipped="0" hostname="DESKTOP-6DLV9PP" name="com.livingtree.tests.LQ4893" tests="1" failures="0" timestamp="2021-03-26T15:28:08 IST" time="400.333" errors="0">
  <testcase name="test_LQ4893" time="400.333" classname="com.livingtree.tests.LQ4893"/>
  <system-out/>
</testsuite> <!-- com.livingtree.tests.LQ4893 -->
