<?xml version="1.0" encoding="UTF-8"?>
<!-- Generated by org.testng.reporters.JUnitReportReporter -->
<testsuite skipped="0" hostname="DESKTOP-6DLV9PP" name="com.livingtree.tests.LQ4735" tests="1" failures="0" timestamp="26 Mar 2021 02:28:36 GMT" time="146.137" errors="0">
  <testcase name="test_LQ4735" time="146.137" classname="com.livingtree.tests.LQ4735"/>
</testsuite> <!-- com.livingtree.tests.LQ4735 -->
