<?xml version="1.0" encoding="UTF-8"?>
<!-- Generated by org.testng.reporters.JUnitReportReporter -->
<testsuite skipped="0" hostname="DSHYD-100" name="com.livingtree.tests.LQ4295" tests="1" failures="0" timestamp="02 May 2019 21:06:51 GMT" time="79.854" errors="0">
  <testcase name="test_LQ4295" time="79.854" classname="com.livingtree.tests.LQ4295"/>
</testsuite> <!-- com.livingtree.tests.LQ4295 -->
