<?xml version="1.0" encoding="UTF-8"?>
<!-- Generated by org.testng.reporters.JUnitReportReporter -->
<testsuite skipped="0" hostname="DSHYD-100" name="com.livingtree.tests.LA12267" tests="1" failures="0" timestamp="21 May 2019 09:05:02 GMT" time="144.359" errors="0">
  <testcase name="test_LA12267" time="144.359" classname="com.livingtree.tests.LA12267"/>
</testsuite> <!-- com.livingtree.tests.LA12267 -->
