<?xml version="1.0" encoding="UTF-8"?>
<!-- Generated by org.testng.reporters.JUnitReportReporter -->
<testsuite skipped="0" hostname="DESKTOP-6DLV9PP" name="com.livingtree.tests.LQ2171" tests="1" failures="0" timestamp="2021-03-01T20:09:20 IST" time="116.349" errors="0">
  <testcase name="test_LQ2171" time="116.349" classname="com.livingtree.tests.LQ2171"/>
  <system-out/>
</testsuite> <!-- com.livingtree.tests.LQ2171 -->
