<?xml version="1.0" encoding="UTF-8"?>
<!-- Generated by org.testng.reporters.JUnitReportReporter -->
<testsuite skipped="0" hostname="DESKTOP-6DLV9PP" name="com.livingtree.tests.LQ2240" tests="1" failures="0" timestamp="26 Mar 2021 02:28:36 GMT" time="480.605" errors="0">
  <testcase name="test_LQ2240" time="480.605" classname="com.livingtree.tests.LQ2240"/>
</testsuite> <!-- com.livingtree.tests.LQ2240 -->
