<?xml version="1.0" encoding="UTF-8"?>
<!-- Generated by org.testng.reporters.JUnitReportReporter -->
<testsuite skipped="0" hostname="DESKTOP-6DLV9PP" name="com.livingtree.tests.LQ4298" tests="1" failures="0" timestamp="2021-02-23T19:50:12 IST" time="265.490" errors="0">
  <testcase name="test_LQ4298" time="265.490" classname="com.livingtree.tests.LQ4298"/>
  <system-out/>
</testsuite> <!-- com.livingtree.tests.LQ4298 -->
