<?xml version="1.0" encoding="UTF-8"?>
<!-- Generated by org.testng.reporters.JUnitReportReporter -->
<testsuite skipped="0" hostname="DSHYD-100" name="com.livingtree.tests.LA12048" tests="1" failures="0" timestamp="02 May 2019 21:06:51 GMT" time="32.135" errors="0">
  <testcase name="test_LA12048" time="32.135" classname="com.livingtree.tests.LA12048"/>
</testsuite> <!-- com.livingtree.tests.LA12048 -->
