<?xml version="1.0" encoding="UTF-8"?>
<!-- Generated by org.testng.reporters.JUnitReportReporter -->
<testsuite skipped="0" hostname="DSHYD-100" name="com.livingtree.tests.LQ4334" tests="1" failures="0" timestamp="05 Apr 2019 14:53:38 GMT" time="109.002" errors="0">
  <testcase name="test_LQ4334" time="109.002" classname="com.livingtree.tests.LQ4334"/>
</testsuite> <!-- com.livingtree.tests.LQ4334 -->
