<?xml version="1.0" encoding="UTF-8"?>
<!-- Generated by org.testng.reporters.JUnitReportReporter -->
<testsuite skipped="0" hostname="DSHYD-100" name="com.livingtree.tests.LQ4332" tests="1" failures="0" timestamp="05 Apr 2019 14:09:25 GMT" time="86.611" errors="0">
  <testcase name="test_LQ4332" time="86.611" classname="com.livingtree.tests.LQ4332"/>
</testsuite> <!-- com.livingtree.tests.LQ4332 -->
