<?xml version="1.0" encoding="UTF-8"?>
<!-- Generated by org.testng.reporters.JUnitReportReporter -->
<testsuite skipped="0" hostname="DESKTOP-QMKN5L9" name="com.livingtree.tests.LQ4334_FilePost" tests="1" failures="0" timestamp="07 Sep 2019 13:22:22 GMT" time="142.298" errors="0">
  <testcase name="test_LQ4334FilePost" time="142.298" classname="com.livingtree.tests.LQ4334_FilePost"/>
</testsuite> <!-- com.livingtree.tests.LQ4334_FilePost -->
