<?xml version="1.0" encoding="UTF-8"?>
<!-- Generated by org.testng.reporters.JUnitReportReporter -->
<testsuite skipped="0" hostname="DESKTOP-UC945J7" name="com.livingtree.tests.LQ5242" tests="1" failures="0" timestamp="02 Aug 2021 11:39:09 GMT" time="129.069" errors="0">
  <testcase name="test_LQ5242" time="129.069" classname="com.livingtree.tests.LQ5242"/>
</testsuite> <!-- com.livingtree.tests.LQ5242 -->
