<?xml version="1.0" encoding="UTF-8"?>
<!-- Generated by org.testng.reporters.JUnitReportReporter -->
<testsuite skipped="0" hostname="DSHYD-100" name="com.livingtree.tests.LQ4327" tests="1" failures="0" timestamp="29 Mar 2019 14:58:43 GMT" time="305.631" errors="0">
  <testcase name="test_LQ4327" time="305.631" classname="com.livingtree.tests.LQ4327"/>
</testsuite> <!-- com.livingtree.tests.LQ4327 -->
