<?xml version="1.0" encoding="UTF-8"?>
<!-- Generated by org.testng.reporters.JUnitReportReporter -->
<testsuite skipped="0" hostname="DESKTOP-6DLV9PP" name="com.livingtree.tests.LQ2004" tests="1" failures="0" timestamp="26 Mar 2021 02:28:36 GMT" time="71.940" errors="0">
  <testcase name="test_LQ2004" time="71.940" classname="com.livingtree.tests.LQ2004"/>
</testsuite> <!-- com.livingtree.tests.LQ2004 -->
