<?xml version="1.0" encoding="UTF-8"?>
<!-- Generated by org.testng.reporters.JUnitReportReporter -->
<testsuite skipped="0" hostname="DESKTOP-6DLV9PP" name="com.livingtree.tests.LQ4267" tests="1" failures="0" timestamp="26 Mar 2021 02:28:36 GMT" time="44.420" errors="0">
  <testcase name="test_LQ4267" time="44.420" classname="com.livingtree.tests.LQ4267"/>
</testsuite> <!-- com.livingtree.tests.LQ4267 -->
