<?xml version="1.0" encoding="UTF-8"?>
<!-- Generated by org.testng.reporters.JUnitReportReporter -->
<testsuite skipped="0" hostname="DESKTOP-6DLV9PP" name="com.livingtree.tests.LQ4752" tests="1" failures="0" timestamp="2021-03-26T15:28:08 IST" time="56.057" errors="0">
  <testcase name="test_LQ4752" time="56.057" classname="com.livingtree.tests.LQ4752"/>
  <system-out/>
</testsuite> <!-- com.livingtree.tests.LQ4752 -->
