<?xml version="1.0" encoding="UTF-8"?>
<!-- Generated by org.testng.reporters.JUnitReportReporter -->
<testsuite skipped="0" hostname="DSHYD-100" name="com.livingtree.tests.LQ4345" tests="1" failures="0" timestamp="15 May 2019 13:38:07 GMT" time="223.752" errors="0">
  <testcase name="test_LQ4345" time="223.752" classname="com.livingtree.tests.LQ4345"/>
</testsuite> <!-- com.livingtree.tests.LQ4345 -->
